# JRE version: Java(TM) SE Runtime Environment (8.0_60-b27) (build 1.8.0_60-b27)
# Java VM: Java HotSpot(TM) 64-Bit Server VM (25.60-b23 mixed mode linux-amd64 compressed oops)
Heap:
 PSYoungGen      total 258048K, used 125450K [0x00000000d7000000, 0x00000000ea500000, 0x0000000100000000)
  eden space 246784K, 50% used [0x00000000d7000000,0x00000000dea82858,0x00000000e6100000)
  from space 11264K, 0% used [0x00000000e6100000,0x00000000e6100000,0x00000000e6c00000)
  to   space 11776K, 0% used [0x00000000e9980000,0x00000000e9980000,0x00000000ea500000)
 ParOldGen       total 78848K, used 16651K [0x0000000085000000, 0x0000000089d00000, 0x00000000d7000000)
  object space 78848K, 21% used [0x0000000085000000,0x0000000086042ff0,0x0000000089d00000)
 Metaspace       used 40968K, capacity 41284K, committed 41600K, reserved 1085440K
  class space    used 5126K, capacity 5196K, committed 5248K, reserved 1048576K
GC Heap History (10 events):
Event: 4,210 GC heap before
{Heap before GC invocations=7 (full 0):
 PSYoungGen      total 133120K, used 12804K [0x00000000d7000000, 0x00000000dfe00000, 0x0000000100000000)
  eden space 125440K, 4% used [0x00000000d7000000,0x00000000d7502370,0x00000000dea80000)
  from space 7680K, 99% used [0x00000000df380000,0x00000000dfaff078,0x00000000dfb00000)
  to   space 9216K, 0% used [0x00000000dea80000,0x00000000dea80000,0x00000000df380000)
 ParOldGen       total 84992K, used 4286K [0x0000000085000000, 0x000000008a300000, 0x00000000d7000000)
  object space 84992K, 5% used [0x0000000085000000,0x000000008542fb58,0x000000008a300000)
 Metaspace       used 20900K, capacity 21088K, committed 21248K, reserved 1069056K
  class space    used 2451K, capacity 2508K, committed 2560K, reserved 1048576K
Event: 4,227 GC heap after
Heap after GC invocations=7 (full 0):
 PSYoungGen      total 134656K, used 5691K [0x00000000d7000000, 0x00000000e7700000, 0x0000000100000000)
  eden space 125440K, 0% used [0x00000000d7000000,0x00000000d7000000,0x00000000dea80000)
  from space 9216K, 61% used [0x00000000dea80000,0x00000000df00efb8,0x00000000df380000)
  to   space 9216K, 0% used [0x00000000e6e00000,0x00000000e6e00000,0x00000000e7700000)
 ParOldGen       total 84992K, used 6691K [0x0000000085000000, 0x000000008a300000, 0x00000000d7000000)
  object space 84992K, 7% used [0x0000000085000000,0x0000000085688d48,0x000000008a300000)
 Metaspace       used 20900K, capacity 21088K, committed 21248K, reserved 1069056K
  class space    used 2451K, capacity 2508K, committed 2560K, reserved 1048576K
}
Event: 4,227 GC heap before
{Heap before GC invocations=8 (full 1):
 PSYoungGen      total 134656K, used 5691K [0x00000000d7000000, 0x00000000e7700000, 0x0000000100000000)
  eden space 125440K, 0% used [0x00000000d7000000,0x00000000d7000000,0x00000000dea80000)
  from space 9216K, 61% used [0x00000000dea80000,0x00000000df00efb8,0x00000000df380000)
  to   space 9216K, 0% used [0x00000000e6e00000,0x00000000e6e00000,0x00000000e7700000)
 ParOldGen       total 84992K, used 6691K [0x0000000085000000, 0x000000008a300000, 0x00000000d7000000)
  object space 84992K, 7% used [0x0000000085000000,0x0000000085688d48,0x000000008a300000)
 Metaspace       used 20900K, capacity 21088K, committed 21248K, reserved 1069056K
  class space    used 2451K, capacity 2508K, committed 2560K, reserved 1048576K
Event: 4,287 GC heap after
Heap after GC invocations=8 (full 1):
 PSYoungGen      total 134656K, used 0K [0x00000000d7000000, 0x00000000e7700000, 0x0000000100000000)
  eden space 125440K, 0% used [0x00000000d7000000,0x00000000d7000000,0x00000000dea80000)
  from space 9216K, 0% used [0x00000000dea80000,0x00000000dea80000,0x00000000df380000)
  to   space 9216K, 0% used [0x00000000e6e00000,0x00000000e6e00000,0x00000000e7700000)
 ParOldGen       total 53248K, used 7954K [0x0000000085000000, 0x0000000088400000, 0x00000000d7000000)
  object space 53248K, 14% used [0x0000000085000000,0x00000000857c49b0,0x0000000088400000)
 Metaspace       used 20900K, capacity 21088K, committed 21248K, reserved 1069056K
  class space    used 2451K, capacity 2508K, committed 2560K, reserved 1048576K
}
Event: 6,288 GC heap before
{Heap before GC invocations=9 (full 1):
 PSYoungGen      total 134656K, used 125440K [0x00000000d7000000, 0x00000000e7700000, 0x0000000100000000)
  eden space 125440K, 100% used [0x00000000d7000000,0x00000000dea80000,0x00000000dea80000)
  from space 9216K, 0% used [0x00000000dea80000,0x00000000dea80000,0x00000000df380000)
  to   space 9216K, 0% used [0x00000000e6e00000,0x00000000e6e00000,0x00000000e7700000)
 ParOldGen       total 53248K, used 7954K [0x0000000085000000, 0x0000000088400000, 0x00000000d7000000)
  object space 53248K, 14% used [0x0000000085000000,0x00000000857c49b0,0x0000000088400000)
 Metaspace       used 32728K, capacity 33044K, committed 33280K, reserved 1079296K
  class space    used 4130K, capacity 4228K, committed 4352K, reserved 1048576K
Event: 6,308 GC heap after
Heap after GC invocations=9 (full 1):
 PSYoungGen      total 213504K, used 9188K [0x00000000d7000000, 0x00000000e7700000, 0x0000000100000000)
  eden space 204288K, 0% used [0x00000000d7000000,0x00000000d7000000,0x00000000e3780000)
  from space 9216K, 99% used [0x00000000e6e00000,0x00000000e76f9160,0x00000000e7700000)
  to   space 11264K, 0% used [0x00000000e6100000,0x00000000e6100000,0x00000000e6c00000)
 ParOldGen       total 53248K, used 10997K [0x0000000085000000, 0x0000000088400000, 0x00000000d7000000)
  object space 53248K, 20% used [0x0000000085000000,0x0000000085abd7b8,0x0000000088400000)
 Metaspace       used 32728K, capacity 33044K, committed 33280K, reserved 1079296K
  class space    used 4130K, capacity 4228K, committed 4352K, reserved 1048576K
}
Event: 6,576 GC heap before
{Heap before GC invocations=10 (full 1):
 PSYoungGen      total 213504K, used 29668K [0x00000000d7000000, 0x00000000e7700000, 0x0000000100000000)
  eden space 204288K, 10% used [0x00000000d7000000,0x00000000d8400068,0x00000000e3780000)
  from space 9216K, 99% used [0x00000000e6e00000,0x00000000e76f9160,0x00000000e7700000)
  to   space 11264K, 0% used [0x00000000e6100000,0x00000000e6100000,0x00000000e6c00000)
 ParOldGen       total 53248K, used 10997K [0x0000000085000000, 0x0000000088400000, 0x00000000d7000000)
  object space 53248K, 20% used [0x0000000085000000,0x0000000085abd7b8,0x0000000088400000)
 Metaspace       used 34848K, capacity 35156K, committed 35416K, reserved 1081344K
  class space    used 4394K, capacity 4484K, committed 4608K, reserved 1048576K
Event: 6,597 GC heap after
Heap after GC invocations=10 (full 1):
 PSYoungGen      total 258048K, used 9237K [0x00000000d7000000, 0x00000000ea500000, 0x0000000100000000)
  eden space 246784K, 0% used [0x00000000d7000000,0x00000000d7000000,0x00000000e6100000)
  from space 11264K, 82% used [0x00000000e6100000,0x00000000e6a055c0,0x00000000e6c00000)
  to   space 11776K, 0% used [0x00000000e9980000,0x00000000e9980000,0x00000000ea500000)
 ParOldGen       total 53248K, used 11005K [0x0000000085000000, 0x0000000088400000, 0x00000000d7000000)
  object space 53248K, 20% used [0x0000000085000000,0x0000000085abf7b8,0x0000000088400000)
 Metaspace       used 34848K, capacity 35156K, committed 35416K, reserved 1081344K
  class space    used 4394K, capacity 4484K, committed 4608K, reserved 1048576K
}
Event: 6,597 GC heap before
{Heap before GC invocations=11 (full 2):
 PSYoungGen      total 258048K, used 9237K [0x00000000d7000000, 0x00000000ea500000, 0x0000000100000000)
  eden space 246784K, 0% used [0x00000000d7000000,0x00000000d7000000,0x00000000e6100000)
  from space 11264K, 82% used [0x00000000e6100000,0x00000000e6a055c0,0x00000000e6c00000)
  to   space 11776K, 0% used [0x00000000e9980000,0x00000000e9980000,0x00000000ea500000)
 ParOldGen       total 53248K, used 11005K [0x0000000085000000, 0x0000000088400000, 0x00000000d7000000)
  object space 53248K, 20% used [0x0000000085000000,0x0000000085abf7b8,0x0000000088400000)
 Metaspace       used 34848K, capacity 35156K, committed 35416K, reserved 1081344K
  class space    used 4394K, capacity 4484K, committed 4608K, reserved 1048576K
Event: 6,664 GC heap after
Heap after GC invocations=11 (full 2):
 PSYoungGen      total 258048K, used 0K [0x00000000d7000000, 0x00000000ea500000, 0x0000000100000000)
  eden space 246784K, 0% used [0x00000000d7000000,0x00000000d7000000,0x00000000e6100000)
  from space 11264K, 0% used [0x00000000e6100000,0x00000000e6100000,0x00000000e6c00000)
  to   space 11776K, 0% used [0x00000000e9980000,0x00000000e9980000,0x00000000ea500000)
 ParOldGen       total 78848K, used 16651K [0x0000000085000000, 0x0000000089d00000, 0x00000000d7000000)
  object space 78848K, 21% used [0x0000000085000000,0x0000000086042ff0,0x0000000089d00000)
 Metaspace       used 34848K, capacity 35156K, committed 35416K, reserved 1081344K
  class space    used 4394K, capacity 4484K, committed 4608K, reserved 1048576K
}

